<?xml version="1.0" encoding="UTF-8"?>
<!-- Generated by org.testng.reporters.JUnitXMLReporter -->
<testsuite hostname="NDATRG01" name="Test1" tests="1" failures="1" timestamp="10 Jul 2019 05:42:27 GMT" time="17.595" errors="0">
  <testcase name="login" time="11.53" classname="SimpleProject.DemoProject.ReportsLoginLogoutTest">
    <failure type="java.lang.AssertionError" message="Incorrect Username Password">
      <![CDATA[java.lang.AssertionError: Incorrect Username Password
	at SimpleProject.DemoProject.ReportsLoginLogoutTest.login(ReportsLoginLogoutTest.java:50)
... Removed 25 stack frames]]>
    </failure>
  </testcase> <!-- login -->
</testsuite> <!-- Test1 -->
