<?xml version="1.0" encoding="UTF-8"?>
<!-- Generated by org.testng.reporters.JUnitXMLReporter -->
<testsuite hostname="NDATRG01" ignored="3" name="Command line test" tests="1" failures="1" timestamp="10 Jul 2019 05:21:03 GMT" time="14.96" errors="0">
  <testcase name="login" time="8.686" classname="SimpleProject.DemoProject.ReportsLoginLogoutTest">
    <failure type="java.lang.AssertionError" message="Incorrect Username Password">
      <![CDATA[java.lang.AssertionError: Incorrect Username Password
	at SimpleProject.DemoProject.ReportsLoginLogoutTest.login(ReportsLoginLogoutTest.java:50)
... Removed 36 stack frames]]>
    </failure>
  </testcase> <!-- login -->
  <testcase name="logout" time="0.0" classname="SimpleProject.DemoProject.SimpleTest">
    <ignored/>
  </testcase> <!-- logout -->
  <testcase name="logout" time="0.0" classname="SimpleProject.DemoProject.ReportsLoginLogoutTest">
    <ignored/>
  </testcase> <!-- logout -->
  <testcase name="login" time="0.0" classname="SimpleProject.DemoProject.SimpleTest">
    <ignored/>
  </testcase> <!-- login -->
</testsuite> <!-- Command line test -->
