<?xml version="1.0" encoding="UTF-8"?>
<testng-results skipped="0" failed="0" total="1" passed="1">
  <reporter-output>
  </reporter-output>
  <suite name="Default suite" duration-ms="26161" started-at="2019-07-09T05:10:39Z" finished-at="2019-07-09T05:11:06Z">
    <groups>
    </groups>
    <test name="Default test" duration-ms="26161" started-at="2019-07-09T05:10:39Z" finished-at="2019-07-09T05:11:06Z">
      <class name="Day6.TestPom">
        <test-method status="PASS" signature="setup()[pri:0, instance:Day6.TestPom@4b6995df]" name="setup" is-config="true" duration-ms="3768" started-at="2019-07-09T10:40:39Z" finished-at="2019-07-09T10:40:43Z">
          <reporter-output>
          </reporter-output>
        </test-method> <!-- setup -->
        <test-method status="PASS" signature="loginLogout()[pri:0, instance:Day6.TestPom@4b6995df]" name="loginLogout" duration-ms="21827" started-at="2019-07-09T10:40:43Z" finished-at="2019-07-09T10:41:05Z">
          <reporter-output>
          </reporter-output>
        </test-method> <!-- loginLogout -->
        <test-method status="PASS" signature="afterMethod()[pri:0, instance:Day6.TestPom@4b6995df]" name="afterMethod" is-config="true" duration-ms="546" started-at="2019-07-09T10:41:05Z" finished-at="2019-07-09T10:41:06Z">
          <reporter-output>
          </reporter-output>
        </test-method> <!-- afterMethod -->
      </class> <!-- Day6.TestPom -->
    </test> <!-- Default test -->
  </suite> <!-- Default suite -->
</testng-results>
