<?xml version="1.0" encoding="UTF-8"?>
<!-- Generated by org.testng.reporters.JUnitXMLReporter -->
<testsuite hostname="NDATRG01" name="Test" tests="1" failures="1" timestamp="10 Jul 2019 05:12:32 GMT" time="21.348" errors="0">
  <testcase name="login" time="15.26" classname="SimpleProject.DemoProject.ReportsLoginLogoutTest">
    <failure type="java.lang.AssertionError" message="Incorrect Username Password">
      <![CDATA[java.lang.AssertionError: Incorrect Username Password
	at SimpleProject.DemoProject.ReportsLoginLogoutTest.login(ReportsLoginLogoutTest.java:48)
... Removed 25 stack frames]]>
    </failure>
  </testcase> <!-- login -->
</testsuite> <!-- Test -->
